<?xml version="1.0" encoding="UTF-8"?>
<!-- Generated by org.testng.reporters.JUnitReportReporter -->
<testsuite skipped="0" hostname="DESKTOP-O1JPDAB" name="Test.HMSLogin" tests="1" failures="0" timestamp="16 Oct 2017 17:04:42 GMT" time="23.747" errors="0">
  <testcase name="login" time="23.747" classname="Test.HMSLogin"/>
</testsuite> <!-- Test.HMSLogin -->
